Using pre-set license
Built from '2020.3/staging' branch; Version is '2020.3.37f1 (8c66806a0c04) revision 9201280'; Using compiler version '192528614'; Build Type 'Release'
OS: 'Windows 10  (10.0.19044) 64bit CoreSingleLanguage' Language: 'es' Physical Memory: 7869 MB
BatchMode: 1, IsHumanControllingUs: 0, StartBugReporterOnCrash: 0, Is64bit: 1, IsPro: 0

COMMAND LINE ARGUMENTS:
C:\Program Files\Unity\Hub\Editor\2020.3.37f1\Editor\Unity.exe
-adb2
-batchMode
-noUpm
-name
AssetImportWorker0
-projectPath
C:/Users/viaro/OneDrive/Documentos/GitHub/Certamen_2/Juego_2
-logFile
Logs/AssetImportWorker0.log
-srvPort
54190
Successfully changed project path to: C:/Users/viaro/OneDrive/Documentos/GitHub/Certamen_2/Juego_2
C:/Users/viaro/OneDrive/Documentos/GitHub/Certamen_2/Juego_2
Using Asset Import Pipeline V2.
Refreshing native plugins compatible for Editor in 48.42 ms, found 2 plugins.
Preloading 0 native plugins for Editor in 0.00 ms.
Initialize engine version: 2020.3.37f1 (8c66806a0c04)
[Subsystems] Discovering subsystems at path C:/Program Files/Unity/Hub/Editor/2020.3.37f1/Editor/Data/Resources/UnitySubsystems
[Subsystems] Discovering subsystems at path C:/Users/viaro/OneDrive/Documentos/GitHub/Certamen_2/Juego_2/Assets
GfxDevice: creating device client; threaded=0
Direct3D:
    Version:  Direct3D 11.0 [level 11.1]
    Renderer: NVIDIA GeForce RTX 3050 Laptop GPU (ID=0x25a5)
    Vendor:   
    VRAM:     3991 MB
    Driver:   30.0.15.1278
Initialize mono
Mono path[0] = 'C:/Program Files/Unity/Hub/Editor/2020.3.37f1/Editor/Data/Managed'
Mono path[1] = 'C:/Program Files/Unity/Hub/Editor/2020.3.37f1/Editor/Data/MonoBleedingEdge/lib/mono/unityjit'
Mono config path = 'C:/Program Files/Unity/Hub/Editor/2020.3.37f1/Editor/Data/MonoBleedingEdge/etc'
Using monoOptions --debugger-agent=transport=dt_socket,embedding=1,server=y,suspend=n,address=127.0.0.1:56268
Begin MonoManager ReloadAssembly
Registering precompiled unity dll's ...
Register platform support module: C:/Program Files/Unity/Hub/Editor/2020.3.37f1/Editor/Data/PlaybackEngines/WindowsStandaloneSupport/UnityEditor.WindowsStandalone.Extensions.dll
Registered in 0.003700 seconds.
Native extension for WindowsStandalone target not found
Refreshing native plugins compatible for Editor in 29.22 ms, found 2 plugins.
Preloading 0 native plugins for Editor in 0.00 ms.
Mono: successfully reloaded assembly
- Completed reload, in  0.469 seconds
Domain Reload Profiling:
	ReloadAssembly (469ms)
		BeginReloadAssembly (78ms)
			ExecutionOrderSort (0ms)
			DisableScriptedObjects (0ms)
			BackupInstance (0ms)
			ReleaseScriptingObjects (0ms)
			CreateAndSetChildDomain (1ms)
		EndReloadAssembly (340ms)
			LoadAssemblies (77ms)
			RebuildTransferFunctionScriptingTraits (0ms)
			SetupTypeCache (100ms)
			ReleaseScriptCaches (0ms)
			RebuildScriptCaches (26ms)
			SetupLoadedEditorAssemblies (118ms)
				LogAssemblyErrors (0ms)
				InitializePlatformSupportModulesInManaged (3ms)
				SetLoadedEditorAssemblies (0ms)
				RefreshPlugins (29ms)
				BeforeProcessingInitializeOnLoad (6ms)
				ProcessInitializeOnLoadAttributes (59ms)
				ProcessInitializeOnLoadMethodAttributes (20ms)
				AfterProcessingInitializeOnLoad (0ms)
				EditorAssembliesLoaded (0ms)
			ExecutionOrderSort2 (0ms)
			AwakeInstancesAfterBackupRestoration (0ms)
Platform modules already initialized, skipping
Registering precompiled user dll's ...
Registered in 0.003546 seconds.
Begin MonoManager ReloadAssembly
Native extension for WindowsStandalone target not found
Refreshing native plugins compatible for Editor in 0.35 ms, found 2 plugins.
Preloading 0 native plugins for Editor in 0.00 ms.
Mono: successfully reloaded assembly
- Completed reload, in  0.744 seconds
Domain Reload Profiling:
	ReloadAssembly (745ms)
		BeginReloadAssembly (112ms)
			ExecutionOrderSort (0ms)
			DisableScriptedObjects (3ms)
			BackupInstance (0ms)
			ReleaseScriptingObjects (0ms)
			CreateAndSetChildDomain (15ms)
		EndReloadAssembly (588ms)
			LoadAssemblies (90ms)
			RebuildTransferFunctionScriptingTraits (0ms)
			SetupTypeCache (187ms)
			ReleaseScriptCaches (0ms)
			RebuildScriptCaches (30ms)
			SetupLoadedEditorAssemblies (232ms)
				LogAssemblyErrors (0ms)
				InitializePlatformSupportModulesInManaged (3ms)
				SetLoadedEditorAssemblies (0ms)
				RefreshPlugins (0ms)
				BeforeProcessingInitializeOnLoad (44ms)
				ProcessInitializeOnLoadAttributes (164ms)
				ProcessInitializeOnLoadMethodAttributes (13ms)
				AfterProcessingInitializeOnLoad (6ms)
				EditorAssembliesLoaded (0ms)
			ExecutionOrderSort2 (0ms)
			AwakeInstancesAfterBackupRestoration (1ms)
Platform modules already initialized, skipping
========================================================================
Worker process is ready to serve import requests
Launched and connected shader compiler UnityShaderCompiler.exe after 0.04 seconds
Refreshing native plugins compatible for Editor in 0.27 ms, found 2 plugins.
Preloading 0 native plugins for Editor in 0.00 ms.
Unloading 1517 Unused Serialized files (Serialized files now loaded: 0)
System memory in use before: 69.1 MB.
System memory in use after: 69.1 MB.

Unloading 17 unused Assets to reduce memory usage. Loaded Objects now: 1953.
Total: 2.058600 ms (FindLiveObjects: 0.101700 ms CreateObjectMapping: 0.033200 ms MarkObjects: 1.846600 ms  DeleteObjects: 0.076100 ms)

AssetImportParameters requested are different than current active one (requested -> active):
  custom:framework-win-MediaFoundation: 216162199b28c13a410421893ffa2e32 -> 
  custom:video-decoder-ogg-theora: a1e56fd34408186e4bbccfd4996cb3dc -> 
  custom:container-muxer-webm: aa71ff27fc2769a1b78a27578f13a17b -> 
  custom:container-demuxer-webm: 4f35f7cbe854078d1ac9338744f61a02 -> 
  custom:container-demuxer-ogg: 62fdf1f143b41e24485cea50d1cbac27 -> 
  custom:video-encoder-webm-vp8: eb34c28f22e8b96e1ab97ce403110664 -> 
  custom:video-codec-MediaFoundation-h265: 746d11721c4dcdbdad8f713fa42b33f4 -> 
  custom:video-decoder-webm-vp8: 9c59270c3fd7afecdb556c50c9e8de78 -> 
  custom:audio-decoder-ogg-vorbis: bf7c407c2cedff20999df2af8eb42d56 -> 
  custom:audio-encoder-webm-vorbis: bf7c407c2cedff20999df2af8eb42d56 -> 
========================================================================
Received Import Request.
  path: Assets/New Material.mat
  artifactKey: Guid(c92c3a10f485e1c44a3e860c2e3e9407) Importer(815301076,1909f56bfc062723c751e8b465ee728b)
Start importing Assets/New Material.mat using Guid(c92c3a10f485e1c44a3e860c2e3e9407) Importer(815301076,1909f56bfc062723c751e8b465ee728b)  -> (artifact id: '14ad2b52604c0e5a7e80c0bf8f4cfaae') in 0.104349 seconds 
========================================================================
Received Import Request.
  Time since last request: 21.097709 seconds.
  path: Assets/New Material 1.mat
  artifactKey: Guid(da8b6f7a01dffd44ea930ece6e862d0e) Importer(815301076,1909f56bfc062723c751e8b465ee728b)
Start importing Assets/New Material 1.mat using Guid(da8b6f7a01dffd44ea930ece6e862d0e) Importer(815301076,1909f56bfc062723c751e8b465ee728b)  -> (artifact id: 'da8918805576232b444baf0b64dc2710') in 0.015744 seconds 
========================================================================
Received Import Request.
  Time since last request: 100.168765 seconds.
  path: Assets/New Material 2.mat
  artifactKey: Guid(8f0f0bfd0f1afec4e93383c18b0bbd45) Importer(815301076,1909f56bfc062723c751e8b465ee728b)
Start importing Assets/New Material 2.mat using Guid(8f0f0bfd0f1afec4e93383c18b0bbd45) Importer(815301076,1909f56bfc062723c751e8b465ee728b)  -> (artifact id: 'a9e3a23b4049c30c081addafd9f02dbe') in 0.018219 seconds 
========================================================================
Received Import Request.
  Time since last request: 46.898805 seconds.
  path: Assets/New Material 1.mat
  artifactKey: Guid(da8b6f7a01dffd44ea930ece6e862d0e) Importer(815301076,1909f56bfc062723c751e8b465ee728b)
Start importing Assets/New Material 1.mat using Guid(da8b6f7a01dffd44ea930ece6e862d0e) Importer(815301076,1909f56bfc062723c751e8b465ee728b)  -> (artifact id: '9365399781e79fc8e487b28278e613ea') in 0.015488 seconds 
========================================================================
Received Import Request.
  Time since last request: 0.000389 seconds.
  path: Assets/New Material.mat
  artifactKey: Guid(c92c3a10f485e1c44a3e860c2e3e9407) Importer(815301076,1909f56bfc062723c751e8b465ee728b)
Start importing Assets/New Material.mat using Guid(c92c3a10f485e1c44a3e860c2e3e9407) Importer(815301076,1909f56bfc062723c751e8b465ee728b)  -> (artifact id: '1dc22ffe21cf8db22c2452c4e6b155ae') in 0.018979 seconds 
========================================================================
Received Import Request.
  Time since last request: 0.000522 seconds.
  path: Assets/New Material 2.mat
  artifactKey: Guid(8f0f0bfd0f1afec4e93383c18b0bbd45) Importer(815301076,1909f56bfc062723c751e8b465ee728b)
Start importing Assets/New Material 2.mat using Guid(8f0f0bfd0f1afec4e93383c18b0bbd45) Importer(815301076,1909f56bfc062723c751e8b465ee728b)  -> (artifact id: '5f31b16a073e501c3cf7e45563441a13') in 0.017939 seconds 
========================================================================
Received Import Request.
  Time since last request: 206.149293 seconds.
  path: Assets
  artifactKey: Guid(00000000000000001000000000000000) Importer(815301076,1909f56bfc062723c751e8b465ee728b)
Start importing Assets using Guid(00000000000000001000000000000000) Importer(815301076,1909f56bfc062723c751e8b465ee728b)  -> (artifact id: '42d402b061de3733987d63b9cc3b64de') in 0.009275 seconds 
========================================================================
Received Import Request.
  Time since last request: 5.881743 seconds.
  path: Assets/New Material 3.mat
  artifactKey: Guid(f62daba69ae9197458b29c8b97f620f5) Importer(815301076,1909f56bfc062723c751e8b465ee728b)
Start importing Assets/New Material 3.mat using Guid(f62daba69ae9197458b29c8b97f620f5) Importer(815301076,1909f56bfc062723c751e8b465ee728b)  -> (artifact id: '013d14f9d97d6c9a78f69f4fcc09a45e') in 0.020720 seconds 
========================================================================
Received Import Request.
  Time since last request: 38.763033 seconds.
  path: Assets/New Material 4.mat
  artifactKey: Guid(e119979be2f42c948a70a10352fd6739) Importer(815301076,1909f56bfc062723c751e8b465ee728b)
Start importing Assets/New Material 4.mat using Guid(e119979be2f42c948a70a10352fd6739) Importer(815301076,1909f56bfc062723c751e8b465ee728b)  -> (artifact id: 'a3306b7fca87b370cc13279e01764d21') in 0.018799 seconds 
========================================================================
Received Import Request.
  Time since last request: 31.161717 seconds.
  path: Assets/New Material 5.mat
  artifactKey: Guid(185d972d7600cbd439e1f9c3de2c6d90) Importer(815301076,1909f56bfc062723c751e8b465ee728b)
Start importing Assets/New Material 5.mat using Guid(185d972d7600cbd439e1f9c3de2c6d90) Importer(815301076,1909f56bfc062723c751e8b465ee728b)  -> (artifact id: '44ebbcd562a87ecaef7e10c93d53cd70') in 0.017702 seconds 
========================================================================
Received Import Request.
  Time since last request: 81.836233 seconds.
  path: Assets/New Material 3.mat
  artifactKey: Guid(f62daba69ae9197458b29c8b97f620f5) Importer(815301076,1909f56bfc062723c751e8b465ee728b)
Start importing Assets/New Material 3.mat using Guid(f62daba69ae9197458b29c8b97f620f5) Importer(815301076,1909f56bfc062723c751e8b465ee728b)  -> (artifact id: 'c48b238eac3e0424c65b25ac8856941a') in 0.021506 seconds 
========================================================================
Received Import Request.
  Time since last request: 0.000359 seconds.
  path: Assets/New Material 4.mat
  artifactKey: Guid(e119979be2f42c948a70a10352fd6739) Importer(815301076,1909f56bfc062723c751e8b465ee728b)
Start importing Assets/New Material 4.mat using Guid(e119979be2f42c948a70a10352fd6739) Importer(815301076,1909f56bfc062723c751e8b465ee728b)  -> (artifact id: '8f1182bcab8dc985cf83a5fff6f9e046') in 0.015699 seconds 
========================================================================
Received Import Request.
  Time since last request: 0.000450 seconds.
  path: Assets/New Material 5.mat
  artifactKey: Guid(185d972d7600cbd439e1f9c3de2c6d90) Importer(815301076,1909f56bfc062723c751e8b465ee728b)
Start importing Assets/New Material 5.mat using Guid(185d972d7600cbd439e1f9c3de2c6d90) Importer(815301076,1909f56bfc062723c751e8b465ee728b)  -> (artifact id: '19eb519f90d45131b744f3f3b0ff6af7') in 0.020449 seconds 
AssetImportWorkerClient::OnTransportError - code=2 error=End of file
